Using pre-set license
Built from '2020.3/release' branch; Version is '2020.3.1f1 (77a89f25062f) revision 7841951'; Using compiler version '192528614'; Build Type 'Release'
OS: 'Windows 10 Home Single Language; OS build 19043.1165; Version 2009; 64bit' Language: 'es' Physical Memory: 12167 MB
BatchMode: 1, IsHumanControllingUs: 0, StartBugReporterOnCrash: 0, Is64bit: 1, IsPro: 0

 COMMAND LINE ARGUMENTS:
C:\Program Files\2020.3.1f1\Editor\Unity.exe
-adb2
-batchMode
-noUpm
-name
AssetImportWorker1
-projectPath
H:/Proyectos GIT/fuzzyLogic/HB_fuzzy
-logFile
Logs/AssetImportWorker1.log
-srvPort
61157
Successfully changed project path to: H:/Proyectos GIT/fuzzyLogic/HB_fuzzy
H:/Proyectos GIT/fuzzyLogic/HB_fuzzy
Using Asset Import Pipeline V2.
Refreshing native plugins compatible for Editor in 45.74 ms, found 1 plugins.
Preloading 0 native plugins for Editor in 0.00 ms.
Initialize engine version: 2020.3.1f1 (77a89f25062f)
[Subsystems] Discovering subsystems at path C:/Program Files/2020.3.1f1/Editor/Data/Resources/UnitySubsystems
[Subsystems] Discovering subsystems at path H:/Proyectos GIT/fuzzyLogic/HB_fuzzy/Assets
GfxDevice: creating device client; threaded=0
Direct3D:
    Version:  Direct3D 11.0 [level 11.1]
    Renderer: NVIDIA GeForce GTX 1050 (ID=0x1c8d)
    Vendor:   
    VRAM:     4019 MB
    Driver:   30.0.14.7141
Initialize mono
Mono path[0] = 'C:/Program Files/2020.3.1f1/Editor/Data/Managed'
Mono path[1] = 'C:/Program Files/2020.3.1f1/Editor/Data/MonoBleedingEdge/lib/mono/unityjit'
Mono config path = 'C:/Program Files/2020.3.1f1/Editor/Data/MonoBleedingEdge/etc'
Using monoOptions --debugger-agent=transport=dt_socket,embedding=1,server=y,suspend=n,address=127.0.0.1:56736
Begin MonoManager ReloadAssembly
Registering precompiled unity dll's ...
Register platform support module: C:/Program Files/2020.3.1f1/Editor/Data/PlaybackEngines/WebGLSupport/UnityEditor.WebGL.Extensions.dll
Register platform support module: C:/Program Files/2020.3.1f1/Editor/Data/PlaybackEngines/WindowsStandaloneSupport/UnityEditor.WindowsStandalone.Extensions.dll
Registered in 0.002515 seconds.
Native extension for WindowsStandalone target not found
Native extension for WebGL target not found
Refreshing native plugins compatible for Editor in 50.14 ms, found 1 plugins.
Preloading 0 native plugins for Editor in 0.00 ms.
Invoked RoslynAnalysisRunner static constructor.
RoslynAnalysisRunner will not be running.
RoslynAnalysisRunner has terminated.
Mono: successfully reloaded assembly
- Completed reload, in  1.344 seconds
Platform modules already initialized, skipping
Registering precompiled user dll's ...
Registered in 0.000864 seconds.
Begin MonoManager ReloadAssembly
Native extension for WindowsStandalone target not found
Native extension for WebGL target not found
Refreshing native plugins compatible for Editor in 38.57 ms, found 1 plugins.
Preloading 0 native plugins for Editor in 0.00 ms.
Invoked RoslynAnalysisRunner static constructor.
RoslynAnalysisRunner will not be running.
RoslynAnalysisRunner has terminated.
Mono: successfully reloaded assembly
- Completed reload, in  3.316 seconds
Platform modules already initialized, skipping
========================================================================
Worker process is ready to serve import requests
Launched and connected shader compiler UnityShaderCompiler.exe after 0.09 seconds
Refreshing native plugins compatible for Editor in 0.33 ms, found 1 plugins.
Preloading 0 native plugins for Editor in 0.00 ms.
Unloading 1807 Unused Serialized files (Serialized files now loaded: 0)
System memory in use before: 84.7 MB.
System memory in use after: 84.6 MB.

Unloading 24 unused Assets to reduce memory usage. Loaded Objects now: 2251.
Total: 2.886200 ms (FindLiveObjects: 0.304600 ms CreateObjectMapping: 0.350900 ms MarkObjects: 2.054000 ms  DeleteObjects: 0.175500 ms)

========================================================================
Received Import Request.
  path: Assets/fuzzyController.cs
  artifactKey: Guid(680eb4bf6c8e6884e80b844a8ab734a6) Importer(815301076,1909f56bfc062723c751e8b465ee728b)
Start importing Assets/fuzzyController.cs using Guid(680eb4bf6c8e6884e80b844a8ab734a6) Importer(815301076,1909f56bfc062723c751e8b465ee728b)  -> (artifact id: 'c2c634d068279c859a2494bf83d11efd') in 0.093528 seconds
  Import took 0.116091 seconds .

========================================================================
Received Import Request.
  Time since last request: 106.279227 seconds.
  path: Assets/fuzzyController.cs
  artifactKey: Guid(680eb4bf6c8e6884e80b844a8ab734a6) Importer(815301076,1909f56bfc062723c751e8b465ee728b)
Start importing Assets/fuzzyController.cs using Guid(680eb4bf6c8e6884e80b844a8ab734a6) Importer(815301076,1909f56bfc062723c751e8b465ee728b)  -> (artifact id: '8023d8343b63ace3070f4a952d10b8f0') in 0.002390 seconds
  Import took 0.035964 seconds .

========================================================================
Received Import Request.
  Time since last request: 0.001161 seconds.
  path: Assets/fuzzyController.cs
  artifactKey: Guid(680eb4bf6c8e6884e80b844a8ab734a6) Importer(815301076,1909f56bfc062723c751e8b465ee728b)
Start importing Assets/fuzzyController.cs using Guid(680eb4bf6c8e6884e80b844a8ab734a6) Importer(815301076,1909f56bfc062723c751e8b465ee728b)  -> (artifact id: '8023d8343b63ace3070f4a952d10b8f0') in 0.004027 seconds
  Import took 0.007346 seconds .

========================================================================
Received Prepare
Registering precompiled user dll's ...
Registered in 0.000762 seconds.
Begin MonoManager ReloadAssembly
Native extension for WindowsStandalone target not found
Native extension for WebGL target not found
Refreshing native plugins compatible for Editor in 0.55 ms, found 1 plugins.
Preloading 0 native plugins for Editor in 0.00 ms.
Invoked RoslynAnalysisRunner static constructor.
RoslynAnalysisRunner will not be running.
RoslynAnalysisRunner has terminated.
Mono: successfully reloaded assembly
- Completed reload, in  1.015 seconds
Platform modules already initialized, skipping
Refreshing native plugins compatible for Editor in 0.34 ms, found 1 plugins.
Preloading 0 native plugins for Editor in 0.00 ms.
Unloading 1802 Unused Serialized files (Serialized files now loaded: 0)
System memory in use before: 84.6 MB.
System memory in use after: 84.6 MB.

Unloading 12 unused Assets to reduce memory usage. Loaded Objects now: 2255.
Total: 2.486700 ms (FindLiveObjects: 0.301300 ms CreateObjectMapping: 0.078900 ms MarkObjects: 1.936100 ms  DeleteObjects: 0.169300 ms)

========================================================================
Received Prepare
Registering precompiled user dll's ...
Registered in 0.000898 seconds.
Begin MonoManager ReloadAssembly
Native extension for WindowsStandalone target not found
Native extension for WebGL target not found
Refreshing native plugins compatible for Editor in 0.33 ms, found 1 plugins.
Preloading 0 native plugins for Editor in 0.00 ms.
Invoked RoslynAnalysisRunner static constructor.
RoslynAnalysisRunner will not be running.
RoslynAnalysisRunner has terminated.
Mono: successfully reloaded assembly
- Completed reload, in  0.999 seconds
Platform modules already initialized, skipping
Refreshing native plugins compatible for Editor in 0.35 ms, found 1 plugins.
Preloading 0 native plugins for Editor in 0.00 ms.
Unloading 1802 Unused Serialized files (Serialized files now loaded: 0)
System memory in use before: 84.7 MB.
System memory in use after: 84.7 MB.

Unloading 12 unused Assets to reduce memory usage. Loaded Objects now: 2259.
Total: 2.924100 ms (FindLiveObjects: 0.446400 ms CreateObjectMapping: 0.150400 ms MarkObjects: 2.160400 ms  DeleteObjects: 0.165900 ms)

========================================================================
Received Import Request.
  Time since last request: 40.141946 seconds.
  path: Assets/fuzzyController.cs
  artifactKey: Guid(680eb4bf6c8e6884e80b844a8ab734a6) Importer(815301076,1909f56bfc062723c751e8b465ee728b)
Start importing Assets/fuzzyController.cs using Guid(680eb4bf6c8e6884e80b844a8ab734a6) Importer(815301076,1909f56bfc062723c751e8b465ee728b)  -> (artifact id: '033fdda62ee17aeac1bcc016a191ccc6') in 0.005199 seconds
  Import took 0.048301 seconds .

========================================================================
Received Import Request.
  Time since last request: 0.049589 seconds.
  path: Assets/fuzzyController.cs
  artifactKey: Guid(680eb4bf6c8e6884e80b844a8ab734a6) Importer(815301076,1909f56bfc062723c751e8b465ee728b)
Start importing Assets/fuzzyController.cs using Guid(680eb4bf6c8e6884e80b844a8ab734a6) Importer(815301076,1909f56bfc062723c751e8b465ee728b)  -> (artifact id: '033fdda62ee17aeac1bcc016a191ccc6') in 0.004693 seconds
  Import took 0.008153 seconds .

========================================================================
Received Prepare
Registering precompiled user dll's ...
Registered in 0.000898 seconds.
Begin MonoManager ReloadAssembly
Native extension for WindowsStandalone target not found
Native extension for WebGL target not found
Refreshing native plugins compatible for Editor in 0.33 ms, found 1 plugins.
Preloading 0 native plugins for Editor in 0.00 ms.
Invoked RoslynAnalysisRunner static constructor.
RoslynAnalysisRunner will not be running.
RoslynAnalysisRunner has terminated.
Mono: successfully reloaded assembly
- Completed reload, in  1.032 seconds
Platform modules already initialized, skipping
Refreshing native plugins compatible for Editor in 0.38 ms, found 1 plugins.
Preloading 0 native plugins for Editor in 0.00 ms.
Unloading 1802 Unused Serialized files (Serialized files now loaded: 0)
System memory in use before: 84.7 MB.
System memory in use after: 84.7 MB.

Unloading 12 unused Assets to reduce memory usage. Loaded Objects now: 2263.
Total: 2.893800 ms (FindLiveObjects: 0.353900 ms CreateObjectMapping: 0.184000 ms MarkObjects: 2.098300 ms  DeleteObjects: 0.240700 ms)

========================================================================
Received Import Request.
  Time since last request: 12.489847 seconds.
  path: Assets/fuzzyController.cs
  artifactKey: Guid(680eb4bf6c8e6884e80b844a8ab734a6) Importer(815301076,1909f56bfc062723c751e8b465ee728b)
Start importing Assets/fuzzyController.cs using Guid(680eb4bf6c8e6884e80b844a8ab734a6) Importer(815301076,1909f56bfc062723c751e8b465ee728b)  -> (artifact id: 'c790c00bdd259d1fcf02c5da139a5ad3') in 0.005230 seconds
  Import took 0.028890 seconds .

========================================================================
Received Import Request.
  Time since last request: 0.071461 seconds.
  path: Assets/fuzzyController.cs
  artifactKey: Guid(680eb4bf6c8e6884e80b844a8ab734a6) Importer(815301076,1909f56bfc062723c751e8b465ee728b)
Start importing Assets/fuzzyController.cs using Guid(680eb4bf6c8e6884e80b844a8ab734a6) Importer(815301076,1909f56bfc062723c751e8b465ee728b)  -> (artifact id: 'c790c00bdd259d1fcf02c5da139a5ad3') in 0.002368 seconds
  Import took 0.007091 seconds .

========================================================================
Received Prepare
Registering precompiled user dll's ...
Registered in 0.000928 seconds.
Begin MonoManager ReloadAssembly
Native extension for WindowsStandalone target not found
Native extension for WebGL target not found
Refreshing native plugins compatible for Editor in 0.40 ms, found 1 plugins.
Preloading 0 native plugins for Editor in 0.00 ms.
Invoked RoslynAnalysisRunner static constructor.
RoslynAnalysisRunner will not be running.
RoslynAnalysisRunner has terminated.
Mono: successfully reloaded assembly
- Completed reload, in  1.056 seconds
Platform modules already initialized, skipping
Refreshing native plugins compatible for Editor in 0.33 ms, found 1 plugins.
Preloading 0 native plugins for Editor in 0.00 ms.
Unloading 1802 Unused Serialized files (Serialized files now loaded: 0)
System memory in use before: 84.7 MB.
System memory in use after: 84.7 MB.

Unloading 12 unused Assets to reduce memory usage. Loaded Objects now: 2267.
Total: 2.685100 ms (FindLiveObjects: 0.241400 ms CreateObjectMapping: 0.123300 ms MarkObjects: 2.159600 ms  DeleteObjects: 0.159700 ms)

========================================================================
Received Import Request.
  Time since last request: 13.219707 seconds.
  path: Assets/fuzzyController.cs
  artifactKey: Guid(680eb4bf6c8e6884e80b844a8ab734a6) Importer(815301076,1909f56bfc062723c751e8b465ee728b)
Start importing Assets/fuzzyController.cs using Guid(680eb4bf6c8e6884e80b844a8ab734a6) Importer(815301076,1909f56bfc062723c751e8b465ee728b)  -> (artifact id: '4831bd3b5b43f21b04ac8d8985c793b2') in 0.005070 seconds
  Import took 0.048991 seconds .

========================================================================
Received Import Request.
  Time since last request: 0.059991 seconds.
  path: Assets/fuzzyController.cs
  artifactKey: Guid(680eb4bf6c8e6884e80b844a8ab734a6) Importer(815301076,1909f56bfc062723c751e8b465ee728b)
Start importing Assets/fuzzyController.cs using Guid(680eb4bf6c8e6884e80b844a8ab734a6) Importer(815301076,1909f56bfc062723c751e8b465ee728b)  -> (artifact id: '4831bd3b5b43f21b04ac8d8985c793b2') in 0.002521 seconds
  Import took 0.005871 seconds .

========================================================================
Received Prepare
Registering precompiled user dll's ...
Registered in 0.000782 seconds.
Begin MonoManager ReloadAssembly
Native extension for WindowsStandalone target not found
Native extension for WebGL target not found
Refreshing native plugins compatible for Editor in 0.34 ms, found 1 plugins.
Preloading 0 native plugins for Editor in 0.00 ms.
Invoked RoslynAnalysisRunner static constructor.
RoslynAnalysisRunner will not be running.
RoslynAnalysisRunner has terminated.
Mono: successfully reloaded assembly
- Completed reload, in  1.046 seconds
Platform modules already initialized, skipping
Refreshing native plugins compatible for Editor in 0.35 ms, found 1 plugins.
Preloading 0 native plugins for Editor in 0.00 ms.
Unloading 1802 Unused Serialized files (Serialized files now loaded: 0)
System memory in use before: 84.7 MB.
System memory in use after: 84.7 MB.

Unloading 12 unused Assets to reduce memory usage. Loaded Objects now: 2271.
Total: 2.485100 ms (FindLiveObjects: 0.304000 ms CreateObjectMapping: 0.103100 ms MarkObjects: 1.907700 ms  DeleteObjects: 0.169200 ms)

========================================================================
Received Import Request.
  Time since last request: 15.887695 seconds.
  path: Assets/fuzzyController.cs
  artifactKey: Guid(680eb4bf6c8e6884e80b844a8ab734a6) Importer(815301076,1909f56bfc062723c751e8b465ee728b)
Start importing Assets/fuzzyController.cs using Guid(680eb4bf6c8e6884e80b844a8ab734a6) Importer(815301076,1909f56bfc062723c751e8b465ee728b)  -> (artifact id: '5cf53bc149995f9bc7f585bedb40f75a') in 0.005363 seconds
  Import took 0.022857 seconds .

========================================================================
Received Import Request.
  Time since last request: 0.076655 seconds.
  path: Assets/fuzzyController.cs
  artifactKey: Guid(680eb4bf6c8e6884e80b844a8ab734a6) Importer(815301076,1909f56bfc062723c751e8b465ee728b)
Start importing Assets/fuzzyController.cs using Guid(680eb4bf6c8e6884e80b844a8ab734a6) Importer(815301076,1909f56bfc062723c751e8b465ee728b)  -> (artifact id: '5cf53bc149995f9bc7f585bedb40f75a') in 0.003762 seconds
  Import took 0.007245 seconds .

========================================================================
Received Prepare
Registering precompiled user dll's ...
Registered in 0.000741 seconds.
Begin MonoManager ReloadAssembly
Native extension for WindowsStandalone target not found
Native extension for WebGL target not found
Refreshing native plugins compatible for Editor in 0.36 ms, found 1 plugins.
Preloading 0 native plugins for Editor in 0.00 ms.
Invoked RoslynAnalysisRunner static constructor.
RoslynAnalysisRunner will not be running.
RoslynAnalysisRunner has terminated.
Mono: successfully reloaded assembly
- Completed reload, in  0.917 seconds
Platform modules already initialized, skipping
Refreshing native plugins compatible for Editor in 0.34 ms, found 1 plugins.
Preloading 0 native plugins for Editor in 0.00 ms.
Unloading 1802 Unused Serialized files (Serialized files now loaded: 0)
System memory in use before: 84.7 MB.
System memory in use after: 84.7 MB.

Unloading 12 unused Assets to reduce memory usage. Loaded Objects now: 2275.
Total: 2.526700 ms (FindLiveObjects: 0.213400 ms CreateObjectMapping: 0.078700 ms MarkObjects: 2.058700 ms  DeleteObjects: 0.174600 ms)

========================================================================
Received Prepare
Registering precompiled user dll's ...
Registered in 0.001391 seconds.
Begin MonoManager ReloadAssembly
Native extension for WindowsStandalone target not found
Native extension for WebGL target not found
Refreshing native plugins compatible for Editor in 0.33 ms, found 1 plugins.
Preloading 0 native plugins for Editor in 0.00 ms.
Invoked RoslynAnalysisRunner static constructor.
RoslynAnalysisRunner will not be running.
RoslynAnalysisRunner has terminated.
Mono: successfully reloaded assembly
- Completed reload, in  1.076 seconds
Platform modules already initialized, skipping
Refreshing native plugins compatible for Editor in 0.39 ms, found 1 plugins.
Preloading 0 native plugins for Editor in 0.00 ms.
Unloading 1802 Unused Serialized files (Serialized files now loaded: 0)
System memory in use before: 84.7 MB.
System memory in use after: 84.7 MB.

Unloading 12 unused Assets to reduce memory usage. Loaded Objects now: 2279.
Total: 3.190800 ms (FindLiveObjects: 0.409200 ms CreateObjectMapping: 0.228400 ms MarkObjects: 2.385600 ms  DeleteObjects: 0.165100 ms)

========================================================================
Received Import Request.
  Time since last request: 406.067143 seconds.
  path: Assets/fuzzyController.cs
  artifactKey: Guid(680eb4bf6c8e6884e80b844a8ab734a6) Importer(815301076,1909f56bfc062723c751e8b465ee728b)
Start importing Assets/fuzzyController.cs using Guid(680eb4bf6c8e6884e80b844a8ab734a6) Importer(815301076,1909f56bfc062723c751e8b465ee728b)  -> (artifact id: '9044515de52a5cbb0bf87449ac68504a') in 0.004753 seconds
  Import took 0.048126 seconds .

========================================================================
Received Prepare
Registering precompiled user dll's ...
Registered in 0.000792 seconds.
Begin MonoManager ReloadAssembly
Native extension for WindowsStandalone target not found
Native extension for WebGL target not found
Refreshing native plugins compatible for Editor in 0.45 ms, found 1 plugins.
Preloading 0 native plugins for Editor in 0.00 ms.
Invoked RoslynAnalysisRunner static constructor.
RoslynAnalysisRunner will not be running.
RoslynAnalysisRunner has terminated.
Mono: successfully reloaded assembly
- Completed reload, in  1.059 seconds
Platform modules already initialized, skipping
Refreshing native plugins compatible for Editor in 0.34 ms, found 1 plugins.
Preloading 0 native plugins for Editor in 0.00 ms.
Unloading 1802 Unused Serialized files (Serialized files now loaded: 0)
System memory in use before: 84.7 MB.
System memory in use after: 84.7 MB.

Unloading 12 unused Assets to reduce memory usage. Loaded Objects now: 2283.
Total: 2.762900 ms (FindLiveObjects: 0.308100 ms CreateObjectMapping: 0.075100 ms MarkObjects: 2.254800 ms  DeleteObjects: 0.123300 ms)

========================================================================
Received Prepare
Registering precompiled user dll's ...
Registered in 0.000996 seconds.
Begin MonoManager ReloadAssembly
Native extension for WindowsStandalone target not found
Native extension for WebGL target not found
Refreshing native plugins compatible for Editor in 0.36 ms, found 1 plugins.
Preloading 0 native plugins for Editor in 0.00 ms.
Invoked RoslynAnalysisRunner static constructor.
RoslynAnalysisRunner will not be running.
RoslynAnalysisRunner has terminated.
Mono: successfully reloaded assembly
- Completed reload, in  1.057 seconds
Platform modules already initialized, skipping
Refreshing native plugins compatible for Editor in 0.43 ms, found 1 plugins.
Preloading 0 native plugins for Editor in 0.00 ms.
Unloading 1802 Unused Serialized files (Serialized files now loaded: 0)
System memory in use before: 84.8 MB.
System memory in use after: 84.7 MB.

Unloading 12 unused Assets to reduce memory usage. Loaded Objects now: 2287.
Total: 3.027500 ms (FindLiveObjects: 0.200500 ms CreateObjectMapping: 0.080400 ms MarkObjects: 2.535200 ms  DeleteObjects: 0.209000 ms)

========================================================================
Received Import Request.
  Time since last request: 78.064806 seconds.
  path: Assets/fuzzyController.cs
  artifactKey: Guid(680eb4bf6c8e6884e80b844a8ab734a6) Importer(815301076,1909f56bfc062723c751e8b465ee728b)
Start importing Assets/fuzzyController.cs using Guid(680eb4bf6c8e6884e80b844a8ab734a6) Importer(815301076,1909f56bfc062723c751e8b465ee728b)  -> (artifact id: 'eec7b8f49ba80cd25ad0b13af4442bff') in 0.004947 seconds
  Import took 0.042840 seconds .

========================================================================
Received Import Request.
  Time since last request: 0.066589 seconds.
  path: Assets/fuzzyController.cs
  artifactKey: Guid(680eb4bf6c8e6884e80b844a8ab734a6) Importer(815301076,1909f56bfc062723c751e8b465ee728b)
Start importing Assets/fuzzyController.cs using Guid(680eb4bf6c8e6884e80b844a8ab734a6) Importer(815301076,1909f56bfc062723c751e8b465ee728b)  -> (artifact id: 'eec7b8f49ba80cd25ad0b13af4442bff') in 0.004792 seconds
  Import took 0.008774 seconds .

========================================================================
Received Prepare
Registering precompiled user dll's ...
Registered in 0.000864 seconds.
Begin MonoManager ReloadAssembly
Native extension for WindowsStandalone target not found
Native extension for WebGL target not found
Refreshing native plugins compatible for Editor in 0.38 ms, found 1 plugins.
Preloading 0 native plugins for Editor in 0.00 ms.
Invoked RoslynAnalysisRunner static constructor.
RoslynAnalysisRunner will not be running.
RoslynAnalysisRunner has terminated.
Mono: successfully reloaded assembly
- Completed reload, in  1.062 seconds
Platform modules already initialized, skipping
Refreshing native plugins compatible for Editor in 0.33 ms, found 1 plugins.
Preloading 0 native plugins for Editor in 0.00 ms.
Unloading 1802 Unused Serialized files (Serialized files now loaded: 0)
System memory in use before: 84.8 MB.
System memory in use after: 84.8 MB.

Unloading 12 unused Assets to reduce memory usage. Loaded Objects now: 2291.
Total: 2.749300 ms (FindLiveObjects: 0.386300 ms CreateObjectMapping: 0.148100 ms MarkObjects: 1.963900 ms  DeleteObjects: 0.249600 ms)

========================================================================
Received Import Request.
  Time since last request: 14.336862 seconds.
  path: Assets/fuzzyController.cs
  artifactKey: Guid(680eb4bf6c8e6884e80b844a8ab734a6) Importer(815301076,1909f56bfc062723c751e8b465ee728b)
Start importing Assets/fuzzyController.cs using Guid(680eb4bf6c8e6884e80b844a8ab734a6) Importer(815301076,1909f56bfc062723c751e8b465ee728b)  -> (artifact id: 'f78d8ba22615281cee88a2d062f9f280') in 0.005766 seconds
  Import took 0.042965 seconds .

========================================================================
Received Import Request.
  Time since last request: 0.076756 seconds.
  path: Assets/fuzzyController.cs
  artifactKey: Guid(680eb4bf6c8e6884e80b844a8ab734a6) Importer(815301076,1909f56bfc062723c751e8b465ee728b)
Start importing Assets/fuzzyController.cs using Guid(680eb4bf6c8e6884e80b844a8ab734a6) Importer(815301076,1909f56bfc062723c751e8b465ee728b)  -> (artifact id: 'f78d8ba22615281cee88a2d062f9f280') in 0.002618 seconds
  Import took 0.007816 seconds .

========================================================================
Received Prepare
Registering precompiled user dll's ...
Registered in 0.000959 seconds.
Begin MonoManager ReloadAssembly
Native extension for WindowsStandalone target not found
Native extension for WebGL target not found
Refreshing native plugins compatible for Editor in 0.34 ms, found 1 plugins.
Preloading 0 native plugins for Editor in 0.00 ms.
Invoked RoslynAnalysisRunner static constructor.
RoslynAnalysisRunner will not be running.
RoslynAnalysisRunner has terminated.
Mono: successfully reloaded assembly
- Completed reload, in  1.071 seconds
Platform modules already initialized, skipping
Refreshing native plugins compatible for Editor in 0.38 ms, found 1 plugins.
Preloading 0 native plugins for Editor in 0.00 ms.
Unloading 1802 Unused Serialized files (Serialized files now loaded: 0)
System memory in use before: 84.8 MB.
System memory in use after: 84.8 MB.

Unloading 12 unused Assets to reduce memory usage. Loaded Objects now: 2295.
Total: 2.554800 ms (FindLiveObjects: 0.346500 ms CreateObjectMapping: 0.109100 ms MarkObjects: 1.941000 ms  DeleteObjects: 0.156800 ms)

========================================================================
Received Import Request.
  Time since last request: 59.980533 seconds.
  path: Assets/fuzzyController.cs
  artifactKey: Guid(680eb4bf6c8e6884e80b844a8ab734a6) Importer(815301076,1909f56bfc062723c751e8b465ee728b)
Start importing Assets/fuzzyController.cs using Guid(680eb4bf6c8e6884e80b844a8ab734a6) Importer(815301076,1909f56bfc062723c751e8b465ee728b)  -> (artifact id: '6b53c359f70a760a016d973ed54da566') in 0.004996 seconds
  Import took 0.043089 seconds .

========================================================================
Received Prepare
Registering precompiled user dll's ...
Registered in 0.000985 seconds.
Begin MonoManager ReloadAssembly
Native extension for WindowsStandalone target not found
Native extension for WebGL target not found
Refreshing native plugins compatible for Editor in 0.36 ms, found 1 plugins.
Preloading 0 native plugins for Editor in 0.00 ms.
Invoked RoslynAnalysisRunner static constructor.
RoslynAnalysisRunner will not be running.
RoslynAnalysisRunner has terminated.
Mono: successfully reloaded assembly
- Completed reload, in  1.151 seconds
Platform modules already initialized, skipping
Refreshing native plugins compatible for Editor in 0.42 ms, found 1 plugins.
Preloading 0 native plugins for Editor in 0.00 ms.
Unloading 1802 Unused Serialized files (Serialized files now loaded: 0)
System memory in use before: 84.8 MB.
System memory in use after: 84.8 MB.

Unloading 12 unused Assets to reduce memory usage. Loaded Objects now: 2299.
Total: 2.746600 ms (FindLiveObjects: 0.294800 ms CreateObjectMapping: 0.124200 ms MarkObjects: 2.167600 ms  DeleteObjects: 0.158800 ms)

========================================================================
Received Import Request.
  Time since last request: 37.029668 seconds.
  path: Assets/fuzzyController.cs
  artifactKey: Guid(680eb4bf6c8e6884e80b844a8ab734a6) Importer(815301076,1909f56bfc062723c751e8b465ee728b)
Start importing Assets/fuzzyController.cs using Guid(680eb4bf6c8e6884e80b844a8ab734a6) Importer(815301076,1909f56bfc062723c751e8b465ee728b)  -> (artifact id: 'c55316eda915a176070c2c6e23cfa30b') in 0.005188 seconds
  Import took 0.046605 seconds .

========================================================================
Received Prepare
Registering precompiled user dll's ...
Registered in 0.000901 seconds.
Begin MonoManager ReloadAssembly
Native extension for WindowsStandalone target not found
Native extension for WebGL target not found
Refreshing native plugins compatible for Editor in 0.37 ms, found 1 plugins.
Preloading 0 native plugins for Editor in 0.00 ms.
Invoked RoslynAnalysisRunner static constructor.
RoslynAnalysisRunner will not be running.
RoslynAnalysisRunner has terminated.
Mono: successfully reloaded assembly
- Completed reload, in  1.024 seconds
Platform modules already initialized, skipping
Refreshing native plugins compatible for Editor in 0.39 ms, found 1 plugins.
Preloading 0 native plugins for Editor in 0.00 ms.
Unloading 1802 Unused Serialized files (Serialized files now loaded: 0)
System memory in use before: 84.8 MB.
System memory in use after: 84.8 MB.

Unloading 12 unused Assets to reduce memory usage. Loaded Objects now: 2303.
Total: 3.004300 ms (FindLiveObjects: 0.598300 ms CreateObjectMapping: 0.217900 ms MarkObjects: 2.035700 ms  DeleteObjects: 0.150500 ms)

========================================================================
Received Import Request.
  Time since last request: 30.661818 seconds.
  path: Assets/fuzzyController.cs
  artifactKey: Guid(680eb4bf6c8e6884e80b844a8ab734a6) Importer(815301076,1909f56bfc062723c751e8b465ee728b)
Start importing Assets/fuzzyController.cs using Guid(680eb4bf6c8e6884e80b844a8ab734a6) Importer(815301076,1909f56bfc062723c751e8b465ee728b)  -> (artifact id: '4a151661becd03e519e9cf99da2cd526') in 0.005653 seconds
  Import took 0.046530 seconds .

========================================================================
Received Import Request.
  Time since last request: 0.066007 seconds.
  path: Assets/fuzzyController.cs
  artifactKey: Guid(680eb4bf6c8e6884e80b844a8ab734a6) Importer(815301076,1909f56bfc062723c751e8b465ee728b)
Start importing Assets/fuzzyController.cs using Guid(680eb4bf6c8e6884e80b844a8ab734a6) Importer(815301076,1909f56bfc062723c751e8b465ee728b)  -> (artifact id: '4a151661becd03e519e9cf99da2cd526') in 0.002097 seconds
  Import took 0.005492 seconds .

========================================================================
Received Prepare
Registering precompiled user dll's ...
Registered in 0.001204 seconds.
Begin MonoManager ReloadAssembly
Native extension for WindowsStandalone target not found
Native extension for WebGL target not found
Refreshing native plugins compatible for Editor in 0.34 ms, found 1 plugins.
Preloading 0 native plugins for Editor in 0.00 ms.
Invoked RoslynAnalysisRunner static constructor.
RoslynAnalysisRunner will not be running.
RoslynAnalysisRunner has terminated.
Mono: successfully reloaded assembly
- Completed reload, in  1.024 seconds
Platform modules already initialized, skipping
Refreshing native plugins compatible for Editor in 0.33 ms, found 1 plugins.
Preloading 0 native plugins for Editor in 0.00 ms.
Unloading 1802 Unused Serialized files (Serialized files now loaded: 0)
System memory in use before: 84.8 MB.
System memory in use after: 84.8 MB.

Unloading 12 unused Assets to reduce memory usage. Loaded Objects now: 2307.
Total: 2.695700 ms (FindLiveObjects: 0.366000 ms CreateObjectMapping: 0.068800 ms MarkObjects: 2.077800 ms  DeleteObjects: 0.182200 ms)

========================================================================
Received Import Request.
  Time since last request: 17.747492 seconds.
  path: Assets/fuzzyController.cs
  artifactKey: Guid(680eb4bf6c8e6884e80b844a8ab734a6) Importer(815301076,1909f56bfc062723c751e8b465ee728b)
Start importing Assets/fuzzyController.cs using Guid(680eb4bf6c8e6884e80b844a8ab734a6) Importer(815301076,1909f56bfc062723c751e8b465ee728b)  -> (artifact id: '02a98f3a99397315ee05c9674feb655a') in 0.005695 seconds
  Import took 0.048258 seconds .

========================================================================
Received Import Request.
  Time since last request: 0.063483 seconds.
  path: Assets/fuzzyController.cs
  artifactKey: Guid(680eb4bf6c8e6884e80b844a8ab734a6) Importer(815301076,1909f56bfc062723c751e8b465ee728b)
Start importing Assets/fuzzyController.cs using Guid(680eb4bf6c8e6884e80b844a8ab734a6) Importer(815301076,1909f56bfc062723c751e8b465ee728b)  -> (artifact id: '02a98f3a99397315ee05c9674feb655a') in 0.004538 seconds
  Import took 0.008774 seconds .

========================================================================
Received Prepare
Registering precompiled user dll's ...
Registered in 0.000824 seconds.
Begin MonoManager ReloadAssembly
Native extension for WindowsStandalone target not found
Native extension for WebGL target not found
Refreshing native plugins compatible for Editor in 0.34 ms, found 1 plugins.
Preloading 0 native plugins for Editor in 0.00 ms.
Invoked RoslynAnalysisRunner static constructor.
RoslynAnalysisRunner will not be running.
RoslynAnalysisRunner has terminated.
Mono: successfully reloaded assembly
- Completed reload, in  1.080 seconds
Platform modules already initialized, skipping
Refreshing native plugins compatible for Editor in 0.67 ms, found 1 plugins.
Preloading 0 native plugins for Editor in 0.00 ms.
Unloading 1802 Unused Serialized files (Serialized files now loaded: 0)
System memory in use before: 84.8 MB.
System memory in use after: 84.8 MB.

Unloading 12 unused Assets to reduce memory usage. Loaded Objects now: 2311.
Total: 2.893500 ms (FindLiveObjects: 0.223800 ms CreateObjectMapping: 0.080800 ms MarkObjects: 2.261500 ms  DeleteObjects: 0.325300 ms)

========================================================================
Received Import Request.
  Time since last request: 13.166458 seconds.
  path: Assets/fuzzyController.cs
  artifactKey: Guid(680eb4bf6c8e6884e80b844a8ab734a6) Importer(815301076,1909f56bfc062723c751e8b465ee728b)
Start importing Assets/fuzzyController.cs using Guid(680eb4bf6c8e6884e80b844a8ab734a6) Importer(815301076,1909f56bfc062723c751e8b465ee728b)  -> (artifact id: 'c34a967432a889913570af7b4eedaef7') in 0.005183 seconds
  Import took 0.008632 seconds .

========================================================================
Received Import Request.
  Time since last request: 0.003933 seconds.
  path: Assets/fuzzyController.cs
  artifactKey: Guid(680eb4bf6c8e6884e80b844a8ab734a6) Importer(815301076,1909f56bfc062723c751e8b465ee728b)
Start importing Assets/fuzzyController.cs using Guid(680eb4bf6c8e6884e80b844a8ab734a6) Importer(815301076,1909f56bfc062723c751e8b465ee728b)  -> (artifact id: 'c34a967432a889913570af7b4eedaef7') in 0.002461 seconds
  Import took 0.006684 seconds .

========================================================================
Received Prepare
Registering precompiled user dll's ...
Registered in 0.000912 seconds.
Begin MonoManager ReloadAssembly
Native extension for WindowsStandalone target not found
Native extension for WebGL target not found
Refreshing native plugins compatible for Editor in 0.35 ms, found 1 plugins.
Preloading 0 native plugins for Editor in 0.00 ms.
Invoked RoslynAnalysisRunner static constructor.
RoslynAnalysisRunner will not be running.
RoslynAnalysisRunner has terminated.
Mono: successfully reloaded assembly
- Completed reload, in  1.217 seconds
Platform modules already initialized, skipping
Refreshing native plugins compatible for Editor in 0.43 ms, found 1 plugins.
Preloading 0 native plugins for Editor in 0.00 ms.
Unloading 1802 Unused Serialized files (Serialized files now loaded: 0)
System memory in use before: 84.8 MB.
System memory in use after: 84.8 MB.

Unloading 12 unused Assets to reduce memory usage. Loaded Objects now: 2315.
Total: 3.581000 ms (FindLiveObjects: 0.463800 ms CreateObjectMapping: 0.130200 ms MarkObjects: 2.824600 ms  DeleteObjects: 0.160600 ms)

========================================================================
Received Import Request.
  Time since last request: 32.784887 seconds.
  path: Assets/fuzzyController.cs
  artifactKey: Guid(680eb4bf6c8e6884e80b844a8ab734a6) Importer(815301076,1909f56bfc062723c751e8b465ee728b)
Start importing Assets/fuzzyController.cs using Guid(680eb4bf6c8e6884e80b844a8ab734a6) Importer(815301076,1909f56bfc062723c751e8b465ee728b)  -> (artifact id: 'c38698af6cff4c8ca1c24c975044e2d1') in 0.007555 seconds
  Import took 0.010560 seconds .

========================================================================
Received Import Request.
  Time since last request: 0.001195 seconds.
  path: Assets/fuzzyController.cs
  artifactKey: Guid(680eb4bf6c8e6884e80b844a8ab734a6) Importer(815301076,1909f56bfc062723c751e8b465ee728b)
Start importing Assets/fuzzyController.cs using Guid(680eb4bf6c8e6884e80b844a8ab734a6) Importer(815301076,1909f56bfc062723c751e8b465ee728b)  -> (artifact id: 'c38698af6cff4c8ca1c24c975044e2d1') in 0.004019 seconds
  Import took 0.007311 seconds .

========================================================================
Received Prepare
Registering precompiled user dll's ...
Registered in 0.001835 seconds.
Begin MonoManager ReloadAssembly
Native extension for WindowsStandalone target not found
Native extension for WebGL target not found
Refreshing native plugins compatible for Editor in 0.36 ms, found 1 plugins.
Preloading 0 native plugins for Editor in 0.00 ms.
Invoked RoslynAnalysisRunner static constructor.
RoslynAnalysisRunner will not be running.
RoslynAnalysisRunner has terminated.
Mono: successfully reloaded assembly
- Completed reload, in  1.059 seconds
Platform modules already initialized, skipping
Refreshing native plugins compatible for Editor in 0.50 ms, found 1 plugins.
Preloading 0 native plugins for Editor in 0.00 ms.
Unloading 1802 Unused Serialized files (Serialized files now loaded: 0)
System memory in use before: 84.8 MB.
System memory in use after: 84.8 MB.

Unloading 12 unused Assets to reduce memory usage. Loaded Objects now: 2319.
Total: 3.252700 ms (FindLiveObjects: 0.387400 ms CreateObjectMapping: 0.072200 ms MarkObjects: 2.639500 ms  DeleteObjects: 0.151700 ms)

========================================================================
Received Prepare
Registering precompiled user dll's ...
Registered in 0.001414 seconds.
Begin MonoManager ReloadAssembly
Native extension for WindowsStandalone target not found
Native extension for WebGL target not found
Refreshing native plugins compatible for Editor in 0.34 ms, found 1 plugins.
Preloading 0 native plugins for Editor in 0.00 ms.
Invoked RoslynAnalysisRunner static constructor.
RoslynAnalysisRunner will not be running.
RoslynAnalysisRunner has terminated.
Mono: successfully reloaded assembly
- Completed reload, in  1.038 seconds
Platform modules already initialized, skipping
Refreshing native plugins compatible for Editor in 0.42 ms, found 1 plugins.
Preloading 0 native plugins for Editor in 0.00 ms.
Unloading 1802 Unused Serialized files (Serialized files now loaded: 0)
System memory in use before: 84.8 MB.
System memory in use after: 84.8 MB.

Unloading 12 unused Assets to reduce memory usage. Loaded Objects now: 2323.
Total: 3.511800 ms (FindLiveObjects: 0.523100 ms CreateObjectMapping: 0.155400 ms MarkObjects: 2.649500 ms  DeleteObjects: 0.182300 ms)

========================================================================
Received Import Request.
  Time since last request: 320.290023 seconds.
  path: Assets/fuzzyController.cs
  artifactKey: Guid(680eb4bf6c8e6884e80b844a8ab734a6) Importer(815301076,1909f56bfc062723c751e8b465ee728b)
Start importing Assets/fuzzyController.cs using Guid(680eb4bf6c8e6884e80b844a8ab734a6) Importer(815301076,1909f56bfc062723c751e8b465ee728b)  -> (artifact id: 'e402d176e1b4bbca7b702f315de12027') in 0.007609 seconds
  Import took 0.045764 seconds .

========================================================================
Received Prepare
Registering precompiled user dll's ...
Registered in 0.000955 seconds.
Begin MonoManager ReloadAssembly
Native extension for WindowsStandalone target not found
Native extension for WebGL target not found
Refreshing native plugins compatible for Editor in 0.45 ms, found 1 plugins.
Preloading 0 native plugins for Editor in 0.00 ms.
Invoked RoslynAnalysisRunner static constructor.
RoslynAnalysisRunner will not be running.
RoslynAnalysisRunner has terminated.
Mono: successfully reloaded assembly
- Completed reload, in  1.095 seconds
Platform modules already initialized, skipping
Refreshing native plugins compatible for Editor in 0.34 ms, found 1 plugins.
Preloading 0 native plugins for Editor in 0.00 ms.
Unloading 1802 Unused Serialized files (Serialized files now loaded: 0)
System memory in use before: 84.8 MB.
System memory in use after: 84.8 MB.

Unloading 12 unused Assets to reduce memory usage. Loaded Objects now: 2327.
Total: 2.356000 ms (FindLiveObjects: 0.296200 ms CreateObjectMapping: 0.065700 ms MarkObjects: 1.835800 ms  DeleteObjects: 0.157000 ms)

========================================================================
Received Import Request.
  Time since last request: 17.807582 seconds.
  path: Assets/fuzzyController.cs
  artifactKey: Guid(680eb4bf6c8e6884e80b844a8ab734a6) Importer(815301076,1909f56bfc062723c751e8b465ee728b)
Start importing Assets/fuzzyController.cs using Guid(680eb4bf6c8e6884e80b844a8ab734a6) Importer(815301076,1909f56bfc062723c751e8b465ee728b)  -> (artifact id: 'e6e523eae1371f22bfe7ea3de580771a') in 0.005467 seconds
  Import took 0.046712 seconds .

========================================================================
Received Import Request.
  Time since last request: 0.066614 seconds.
  path: Assets/fuzzyController.cs
  artifactKey: Guid(680eb4bf6c8e6884e80b844a8ab734a6) Importer(815301076,1909f56bfc062723c751e8b465ee728b)
Start importing Assets/fuzzyController.cs using Guid(680eb4bf6c8e6884e80b844a8ab734a6) Importer(815301076,1909f56bfc062723c751e8b465ee728b)  -> (artifact id: 'e6e523eae1371f22bfe7ea3de580771a') in 0.004013 seconds
  Import took 0.008001 seconds .

========================================================================
Received Prepare
Registering precompiled user dll's ...
Registered in 0.001179 seconds.
Begin MonoManager ReloadAssembly
Native extension for WindowsStandalone target not found
Native extension for WebGL target not found
Refreshing native plugins compatible for Editor in 0.34 ms, found 1 plugins.
Preloading 0 native plugins for Editor in 0.00 ms.
Invoked RoslynAnalysisRunner static constructor.
RoslynAnalysisRunner will not be running.
RoslynAnalysisRunner has terminated.
Mono: successfully reloaded assembly
- Completed reload, in  1.036 seconds
Platform modules already initialized, skipping
Refreshing native plugins compatible for Editor in 0.34 ms, found 1 plugins.
Preloading 0 native plugins for Editor in 0.00 ms.
Unloading 1802 Unused Serialized files (Serialized files now loaded: 0)
System memory in use before: 84.9 MB.
System memory in use after: 84.8 MB.

Unloading 12 unused Assets to reduce memory usage. Loaded Objects now: 2331.
Total: 2.908200 ms (FindLiveObjects: 0.639300 ms CreateObjectMapping: 0.224800 ms MarkObjects: 1.881100 ms  DeleteObjects: 0.160300 ms)

========================================================================
Received Import Request.
  Time since last request: 21.961876 seconds.
  path: Assets/fuzzyController.cs
  artifactKey: Guid(680eb4bf6c8e6884e80b844a8ab734a6) Importer(815301076,1909f56bfc062723c751e8b465ee728b)
Start importing Assets/fuzzyController.cs using Guid(680eb4bf6c8e6884e80b844a8ab734a6) Importer(815301076,1909f56bfc062723c751e8b465ee728b)  -> (artifact id: '32f9950d7c6676b4e3d473f8d92eb1b3') in 0.008029 seconds
  Import took 0.011123 seconds .

========================================================================
Received Import Request.
  Time since last request: 0.000678 seconds.
  path: Assets/fuzzyController.cs
  artifactKey: Guid(680eb4bf6c8e6884e80b844a8ab734a6) Importer(815301076,1909f56bfc062723c751e8b465ee728b)
Start importing Assets/fuzzyController.cs using Guid(680eb4bf6c8e6884e80b844a8ab734a6) Importer(815301076,1909f56bfc062723c751e8b465ee728b)  -> (artifact id: '32f9950d7c6676b4e3d473f8d92eb1b3') in 0.002211 seconds
  Import took 0.005904 seconds .

========================================================================
Received Prepare
Registering precompiled user dll's ...
Registered in 0.000802 seconds.
Begin MonoManager ReloadAssembly
Native extension for WindowsStandalone target not found
Native extension for WebGL target not found
Refreshing native plugins compatible for Editor in 0.34 ms, found 1 plugins.
Preloading 0 native plugins for Editor in 0.00 ms.
Invoked RoslynAnalysisRunner static constructor.
RoslynAnalysisRunner will not be running.
RoslynAnalysisRunner has terminated.
Mono: successfully reloaded assembly
- Completed reload, in  1.108 seconds
Platform modules already initialized, skipping
Refreshing native plugins compatible for Editor in 0.47 ms, found 1 plugins.
Preloading 0 native plugins for Editor in 0.00 ms.
Unloading 1802 Unused Serialized files (Serialized files now loaded: 0)
System memory in use before: 84.9 MB.
System memory in use after: 84.9 MB.

Unloading 12 unused Assets to reduce memory usage. Loaded Objects now: 2335.
Total: 3.102200 ms (FindLiveObjects: 0.516500 ms CreateObjectMapping: 0.136100 ms MarkObjects: 2.310000 ms  DeleteObjects: 0.138200 ms)

========================================================================
Received Import Request.
  Time since last request: 55.472303 seconds.
  path: Assets/fuzzyController.cs
  artifactKey: Guid(680eb4bf6c8e6884e80b844a8ab734a6) Importer(815301076,1909f56bfc062723c751e8b465ee728b)
Start importing Assets/fuzzyController.cs using Guid(680eb4bf6c8e6884e80b844a8ab734a6) Importer(815301076,1909f56bfc062723c751e8b465ee728b)  -> (artifact id: '5e1134174909d946a32638acb59c02c2') in 0.005405 seconds
  Import took 0.025329 seconds .

========================================================================
Received Prepare
Registering precompiled user dll's ...
Registered in 0.001284 seconds.
Begin MonoManager ReloadAssembly
Native extension for WindowsStandalone target not found
Native extension for WebGL target not found
Refreshing native plugins compatible for Editor in 0.41 ms, found 1 plugins.
Preloading 0 native plugins for Editor in 0.00 ms.
Invoked RoslynAnalysisRunner static constructor.
RoslynAnalysisRunner will not be running.
RoslynAnalysisRunner has terminated.
Mono: successfully reloaded assembly
- Completed reload, in  1.050 seconds
Platform modules already initialized, skipping
Refreshing native plugins compatible for Editor in 0.34 ms, found 1 plugins.
Preloading 0 native plugins for Editor in 0.00 ms.
Unloading 1802 Unused Serialized files (Serialized files now loaded: 0)
System memory in use before: 84.9 MB.
System memory in use after: 84.9 MB.

Unloading 12 unused Assets to reduce memory usage. Loaded Objects now: 2339.
Total: 2.577700 ms (FindLiveObjects: 0.282400 ms CreateObjectMapping: 0.117300 ms MarkObjects: 2.010500 ms  DeleteObjects: 0.166400 ms)

========================================================================
Received Import Request.
  Time since last request: 56.948810 seconds.
  path: Assets/fuzzyController.cs
  artifactKey: Guid(680eb4bf6c8e6884e80b844a8ab734a6) Importer(815301076,1909f56bfc062723c751e8b465ee728b)
Start importing Assets/fuzzyController.cs using Guid(680eb4bf6c8e6884e80b844a8ab734a6) Importer(815301076,1909f56bfc062723c751e8b465ee728b)  -> (artifact id: '8bc265c2e14e4f3f910f95467f71cc7d') in 0.008117 seconds
  Import took 0.048458 seconds .

========================================================================
Received Import Request.
  Time since last request: 0.064909 seconds.
  path: Assets/fuzzyController.cs
  artifactKey: Guid(680eb4bf6c8e6884e80b844a8ab734a6) Importer(815301076,1909f56bfc062723c751e8b465ee728b)
Start importing Assets/fuzzyController.cs using Guid(680eb4bf6c8e6884e80b844a8ab734a6) Importer(815301076,1909f56bfc062723c751e8b465ee728b)  -> (artifact id: '8bc265c2e14e4f3f910f95467f71cc7d') in 0.003736 seconds
  Import took 0.007479 seconds .

========================================================================
Received Prepare
Registering precompiled user dll's ...
Registered in 0.000919 seconds.
Begin MonoManager ReloadAssembly
Native extension for WindowsStandalone target not found
Native extension for WebGL target not found
Refreshing native plugins compatible for Editor in 0.40 ms, found 1 plugins.
Preloading 0 native plugins for Editor in 0.00 ms.
Invoked RoslynAnalysisRunner static constructor.
RoslynAnalysisRunner will not be running.
RoslynAnalysisRunner has terminated.
Mono: successfully reloaded assembly
- Completed reload, in  1.064 seconds
Platform modules already initialized, skipping
Refreshing native plugins compatible for Editor in 0.43 ms, found 1 plugins.
Preloading 0 native plugins for Editor in 0.00 ms.
Unloading 1802 Unused Serialized files (Serialized files now loaded: 0)
System memory in use before: 84.9 MB.
System memory in use after: 84.9 MB.

Unloading 12 unused Assets to reduce memory usage. Loaded Objects now: 2343.
Total: 2.773500 ms (FindLiveObjects: 0.301200 ms CreateObjectMapping: 0.187300 ms MarkObjects: 2.120600 ms  DeleteObjects: 0.163200 ms)

========================================================================
Received Import Request.
  Time since last request: 20.774653 seconds.
  path: Assets/fuzzyController.cs
  artifactKey: Guid(680eb4bf6c8e6884e80b844a8ab734a6) Importer(815301076,1909f56bfc062723c751e8b465ee728b)
Start importing Assets/fuzzyController.cs using Guid(680eb4bf6c8e6884e80b844a8ab734a6) Importer(815301076,1909f56bfc062723c751e8b465ee728b)  -> (artifact id: '44eb5bd3baffb187ff83714a5e499dad') in 0.006275 seconds
  Import took 0.052111 seconds .

========================================================================
Received Prepare
Registering precompiled user dll's ...
Registered in 0.000993 seconds.
Begin MonoManager ReloadAssembly
Native extension for WindowsStandalone target not found
Native extension for WebGL target not found
Refreshing native plugins compatible for Editor in 0.40 ms, found 1 plugins.
Preloading 0 native plugins for Editor in 0.00 ms.
Invoked RoslynAnalysisRunner static constructor.
RoslynAnalysisRunner will not be running.
RoslynAnalysisRunner has terminated.
Mono: successfully reloaded assembly
- Completed reload, in  1.102 seconds
Platform modules already initialized, skipping
Refreshing native plugins compatible for Editor in 0.38 ms, found 1 plugins.
Preloading 0 native plugins for Editor in 0.00 ms.
Unloading 1802 Unused Serialized files (Serialized files now loaded: 0)
System memory in use before: 84.9 MB.
System memory in use after: 84.9 MB.

Unloading 12 unused Assets to reduce memory usage. Loaded Objects now: 2347.
Total: 2.424200 ms (FindLiveObjects: 0.214400 ms CreateObjectMapping: 0.083700 ms MarkObjects: 1.976500 ms  DeleteObjects: 0.148500 ms)

========================================================================
Received Import Request.
  Time since last request: 62.241739 seconds.
  path: Assets/fuzzyController.cs
  artifactKey: Guid(680eb4bf6c8e6884e80b844a8ab734a6) Importer(815301076,1909f56bfc062723c751e8b465ee728b)
Start importing Assets/fuzzyController.cs using Guid(680eb4bf6c8e6884e80b844a8ab734a6) Importer(815301076,1909f56bfc062723c751e8b465ee728b)  -> (artifact id: '68d7cd2b7f08b61f06a90c5bb5efcded') in 0.006905 seconds
  Import took 0.049098 seconds .

========================================================================
Received Import Request.
  Time since last request: 0.072110 seconds.
  path: Assets/fuzzyController.cs
  artifactKey: Guid(680eb4bf6c8e6884e80b844a8ab734a6) Importer(815301076,1909f56bfc062723c751e8b465ee728b)
Start importing Assets/fuzzyController.cs using Guid(680eb4bf6c8e6884e80b844a8ab734a6) Importer(815301076,1909f56bfc062723c751e8b465ee728b)  -> (artifact id: '68d7cd2b7f08b61f06a90c5bb5efcded') in 0.004966 seconds
  Import took 0.008901 seconds .

========================================================================
Received Prepare
Registering precompiled user dll's ...
Registered in 0.001168 seconds.
Begin MonoManager ReloadAssembly
Native extension for WindowsStandalone target not found
Native extension for WebGL target not found
Refreshing native plugins compatible for Editor in 0.34 ms, found 1 plugins.
Preloading 0 native plugins for Editor in 0.00 ms.
Invoked RoslynAnalysisRunner static constructor.
RoslynAnalysisRunner will not be running.
RoslynAnalysisRunner has terminated.
Mono: successfully reloaded assembly
- Completed reload, in  1.047 seconds
Platform modules already initialized, skipping
Refreshing native plugins compatible for Editor in 0.42 ms, found 1 plugins.
Preloading 0 native plugins for Editor in 0.00 ms.
Unloading 1802 Unused Serialized files (Serialized files now loaded: 0)
System memory in use before: 84.9 MB.
System memory in use after: 84.9 MB.

Unloading 12 unused Assets to reduce memory usage. Loaded Objects now: 2351.
Total: 2.880300 ms (FindLiveObjects: 0.351200 ms CreateObjectMapping: 0.121200 ms MarkObjects: 2.233800 ms  DeleteObjects: 0.172400 ms)

========================================================================
Received Import Request.
  Time since last request: 51.090869 seconds.
  path: Assets/fuzzyController.cs
  artifactKey: Guid(680eb4bf6c8e6884e80b844a8ab734a6) Importer(815301076,1909f56bfc062723c751e8b465ee728b)
Start importing Assets/fuzzyController.cs using Guid(680eb4bf6c8e6884e80b844a8ab734a6) Importer(815301076,1909f56bfc062723c751e8b465ee728b)  -> (artifact id: '01c1380b67208d687b65bb8a976bab07') in 0.005435 seconds
  Import took 0.008549 seconds .

========================================================================
Received Import Request.
  Time since last request: 0.003584 seconds.
  path: Assets/fuzzyController.cs
  artifactKey: Guid(680eb4bf6c8e6884e80b844a8ab734a6) Importer(815301076,1909f56bfc062723c751e8b465ee728b)
Start importing Assets/fuzzyController.cs using Guid(680eb4bf6c8e6884e80b844a8ab734a6) Importer(815301076,1909f56bfc062723c751e8b465ee728b)  -> (artifact id: '01c1380b67208d687b65bb8a976bab07') in 0.002328 seconds
  Import took 0.006402 seconds .

========================================================================
Received Prepare
Registering precompiled user dll's ...
Registered in 0.001001 seconds.
Begin MonoManager ReloadAssembly
Native extension for WindowsStandalone target not found
Native extension for WebGL target not found
Refreshing native plugins compatible for Editor in 0.47 ms, found 1 plugins.
Preloading 0 native plugins for Editor in 0.00 ms.
Invoked RoslynAnalysisRunner static constructor.
RoslynAnalysisRunner will not be running.
RoslynAnalysisRunner has terminated.
Mono: successfully reloaded assembly
- Completed reload, in  1.203 seconds
Platform modules already initialized, skipping
Refreshing native plugins compatible for Editor in 0.63 ms, found 1 plugins.
Preloading 0 native plugins for Editor in 0.00 ms.
Unloading 1802 Unused Serialized files (Serialized files now loaded: 0)
System memory in use before: 84.9 MB.
System memory in use after: 84.9 MB.

Unloading 12 unused Assets to reduce memory usage. Loaded Objects now: 2355.
Total: 3.354200 ms (FindLiveObjects: 0.452800 ms CreateObjectMapping: 0.140400 ms MarkObjects: 2.603900 ms  DeleteObjects: 0.155300 ms)

========================================================================
Received Import Request.
  Time since last request: 38.484333 seconds.
  path: Assets/fuzzyController.cs
  artifactKey: Guid(680eb4bf6c8e6884e80b844a8ab734a6) Importer(815301076,1909f56bfc062723c751e8b465ee728b)
Start importing Assets/fuzzyController.cs using Guid(680eb4bf6c8e6884e80b844a8ab734a6) Importer(815301076,1909f56bfc062723c751e8b465ee728b)  -> (artifact id: 'c21b286ddd1f00f8717deae3d8c373c5') in 0.005959 seconds
  Import took 0.043239 seconds .

========================================================================
Received Prepare
Registering precompiled user dll's ...
Registered in 0.001045 seconds.
Begin MonoManager ReloadAssembly
Native extension for WindowsStandalone target not found
Native extension for WebGL target not found
Refreshing native plugins compatible for Editor in 0.39 ms, found 1 plugins.
Preloading 0 native plugins for Editor in 0.00 ms.
Invoked RoslynAnalysisRunner static constructor.
RoslynAnalysisRunner will not be running.
RoslynAnalysisRunner has terminated.
Mono: successfully reloaded assembly
- Completed reload, in  1.061 seconds
Platform modules already initialized, skipping
Refreshing native plugins compatible for Editor in 0.39 ms, found 1 plugins.
Preloading 0 native plugins for Editor in 0.00 ms.
Unloading 1802 Unused Serialized files (Serialized files now loaded: 0)
System memory in use before: 84.9 MB.
System memory in use after: 84.9 MB.

Unloading 12 unused Assets to reduce memory usage. Loaded Objects now: 2359.
Total: 2.346500 ms (FindLiveObjects: 0.384100 ms CreateObjectMapping: 0.109500 ms MarkObjects: 1.704900 ms  DeleteObjects: 0.146800 ms)

========================================================================
Received Import Request.
  Time since last request: 26.248010 seconds.
  path: Assets/fuzzyController.cs
  artifactKey: Guid(680eb4bf6c8e6884e80b844a8ab734a6) Importer(815301076,1909f56bfc062723c751e8b465ee728b)
Start importing Assets/fuzzyController.cs using Guid(680eb4bf6c8e6884e80b844a8ab734a6) Importer(815301076,1909f56bfc062723c751e8b465ee728b)  -> (artifact id: 'f18aab899994380c6e2877c2037c3be9') in 0.007692 seconds
  Import took 0.031037 seconds .

========================================================================
Received Import Request.
  Time since last request: 0.081007 seconds.
  path: Assets/fuzzyController.cs
  artifactKey: Guid(680eb4bf6c8e6884e80b844a8ab734a6) Importer(815301076,1909f56bfc062723c751e8b465ee728b)
Start importing Assets/fuzzyController.cs using Guid(680eb4bf6c8e6884e80b844a8ab734a6) Importer(815301076,1909f56bfc062723c751e8b465ee728b)  -> (artifact id: 'f18aab899994380c6e2877c2037c3be9') in 0.004300 seconds
  Import took 0.007768 seconds .

========================================================================
Received Prepare
Registering precompiled user dll's ...
Registered in 0.001107 seconds.
Begin MonoManager ReloadAssembly
Native extension for WindowsStandalone target not found
Native extension for WebGL target not found
Refreshing native plugins compatible for Editor in 0.55 ms, found 1 plugins.
Preloading 0 native plugins for Editor in 0.00 ms.
Invoked RoslynAnalysisRunner static constructor.
RoslynAnalysisRunner will not be running.
RoslynAnalysisRunner has terminated.
Mono: successfully reloaded assembly
- Completed reload, in  1.106 seconds
Platform modules already initialized, skipping
Refreshing native plugins compatible for Editor in 0.37 ms, found 1 plugins.
Preloading 0 native plugins for Editor in 0.00 ms.
Unloading 1802 Unused Serialized files (Serialized files now loaded: 0)
System memory in use before: 84.9 MB.
System memory in use after: 84.9 MB.

Unloading 12 unused Assets to reduce memory usage. Loaded Objects now: 2363.
Total: 3.234700 ms (FindLiveObjects: 0.553900 ms CreateObjectMapping: 0.133500 ms MarkObjects: 2.375700 ms  DeleteObjects: 0.170400 ms)

========================================================================
Received Import Request.
  Time since last request: 21.945532 seconds.
  path: Assets/fuzzyController.cs
  artifactKey: Guid(680eb4bf6c8e6884e80b844a8ab734a6) Importer(815301076,1909f56bfc062723c751e8b465ee728b)
Start importing Assets/fuzzyController.cs using Guid(680eb4bf6c8e6884e80b844a8ab734a6) Importer(815301076,1909f56bfc062723c751e8b465ee728b)  -> (artifact id: '622c5c5a4eaaa03b81d2018439b7717f') in 0.005003 seconds
  Import took 0.008433 seconds .

========================================================================
Received Import Request.
  Time since last request: 0.003771 seconds.
  path: Assets/fuzzyController.cs
  artifactKey: Guid(680eb4bf6c8e6884e80b844a8ab734a6) Importer(815301076,1909f56bfc062723c751e8b465ee728b)
Start importing Assets/fuzzyController.cs using Guid(680eb4bf6c8e6884e80b844a8ab734a6) Importer(815301076,1909f56bfc062723c751e8b465ee728b)  -> (artifact id: '622c5c5a4eaaa03b81d2018439b7717f') in 0.003400 seconds
  Import took 0.007192 seconds .

========================================================================
Received Prepare
Registering precompiled user dll's ...
Registered in 0.001766 seconds.
Begin MonoManager ReloadAssembly
Native extension for WindowsStandalone target not found
Native extension for WebGL target not found
Refreshing native plugins compatible for Editor in 0.37 ms, found 1 plugins.
Preloading 0 native plugins for Editor in 0.00 ms.
Invoked RoslynAnalysisRunner static constructor.
RoslynAnalysisRunner will not be running.
RoslynAnalysisRunner has terminated.
Mono: successfully reloaded assembly
- Completed reload, in  1.093 seconds
Platform modules already initialized, skipping
Refreshing native plugins compatible for Editor in 0.38 ms, found 1 plugins.
Preloading 0 native plugins for Editor in 0.00 ms.
Unloading 1802 Unused Serialized files (Serialized files now loaded: 0)
System memory in use before: 84.9 MB.
System memory in use after: 84.9 MB.

Unloading 12 unused Assets to reduce memory usage. Loaded Objects now: 2367.
Total: 2.352900 ms (FindLiveObjects: 0.205100 ms CreateObjectMapping: 0.082100 ms MarkObjects: 1.876400 ms  DeleteObjects: 0.187700 ms)

========================================================================
Received Import Request.
  Time since last request: 18.965002 seconds.
  path: Assets/fuzzyController.cs
  artifactKey: Guid(680eb4bf6c8e6884e80b844a8ab734a6) Importer(815301076,1909f56bfc062723c751e8b465ee728b)
Start importing Assets/fuzzyController.cs using Guid(680eb4bf6c8e6884e80b844a8ab734a6) Importer(815301076,1909f56bfc062723c751e8b465ee728b)  -> (artifact id: '4d099229a21b9f9d0acce05b6086200e') in 0.005401 seconds
  Import took 0.024305 seconds .

========================================================================
Received Import Request.
  Time since last request: 0.085851 seconds.
  path: Assets/fuzzyController.cs
  artifactKey: Guid(680eb4bf6c8e6884e80b844a8ab734a6) Importer(815301076,1909f56bfc062723c751e8b465ee728b)
Start importing Assets/fuzzyController.cs using Guid(680eb4bf6c8e6884e80b844a8ab734a6) Importer(815301076,1909f56bfc062723c751e8b465ee728b)  -> (artifact id: '4d099229a21b9f9d0acce05b6086200e') in 0.005128 seconds
  Import took 0.009073 seconds .

========================================================================
Received Prepare
Registering precompiled user dll's ...
Registered in 0.001912 seconds.
Begin MonoManager ReloadAssembly
Native extension for WindowsStandalone target not found
Native extension for WebGL target not found
Refreshing native plugins compatible for Editor in 0.34 ms, found 1 plugins.
Preloading 0 native plugins for Editor in 0.00 ms.
Invoked RoslynAnalysisRunner static constructor.
RoslynAnalysisRunner will not be running.
RoslynAnalysisRunner has terminated.
Mono: successfully reloaded assembly
- Completed reload, in  1.043 seconds
Platform modules already initialized, skipping
Refreshing native plugins compatible for Editor in 0.40 ms, found 1 plugins.
Preloading 0 native plugins for Editor in 0.00 ms.
Unloading 1802 Unused Serialized files (Serialized files now loaded: 0)
System memory in use before: 85.0 MB.
System memory in use after: 84.9 MB.

Unloading 12 unused Assets to reduce memory usage. Loaded Objects now: 2371.
Total: 2.714400 ms (FindLiveObjects: 0.191800 ms CreateObjectMapping: 0.064500 ms MarkObjects: 2.318900 ms  DeleteObjects: 0.138200 ms)

========================================================================
Received Import Request.
  Time since last request: 35.855509 seconds.
  path: Assets/fuzzyController.cs
  artifactKey: Guid(680eb4bf6c8e6884e80b844a8ab734a6) Importer(815301076,1909f56bfc062723c751e8b465ee728b)
Start importing Assets/fuzzyController.cs using Guid(680eb4bf6c8e6884e80b844a8ab734a6) Importer(815301076,1909f56bfc062723c751e8b465ee728b)  -> (artifact id: '9dc6dc27a4e0c504001e403fb0c5b341') in 0.007165 seconds
  Import took 0.028101 seconds .

========================================================================
Received Import Request.
  Time since last request: 0.080753 seconds.
  path: Assets/fuzzyController.cs
  artifactKey: Guid(680eb4bf6c8e6884e80b844a8ab734a6) Importer(815301076,1909f56bfc062723c751e8b465ee728b)
Start importing Assets/fuzzyController.cs using Guid(680eb4bf6c8e6884e80b844a8ab734a6) Importer(815301076,1909f56bfc062723c751e8b465ee728b)  -> (artifact id: '9dc6dc27a4e0c504001e403fb0c5b341') in 0.004671 seconds
  Import took 0.008610 seconds .

========================================================================
Received Prepare
Registering precompiled user dll's ...
Registered in 0.001105 seconds.
Begin MonoManager ReloadAssembly
Native extension for WindowsStandalone target not found
Native extension for WebGL target not found
Refreshing native plugins compatible for Editor in 0.34 ms, found 1 plugins.
Preloading 0 native plugins for Editor in 0.00 ms.
Invoked RoslynAnalysisRunner static constructor.
RoslynAnalysisRunner will not be running.
RoslynAnalysisRunner has terminated.
Mono: successfully reloaded assembly
- Completed reload, in  1.068 seconds
Platform modules already initialized, skipping
Refreshing native plugins compatible for Editor in 0.38 ms, found 1 plugins.
Preloading 0 native plugins for Editor in 0.00 ms.
Unloading 1802 Unused Serialized files (Serialized files now loaded: 0)
System memory in use before: 85.0 MB.
System memory in use after: 85.0 MB.

Unloading 12 unused Assets to reduce memory usage. Loaded Objects now: 2375.
Total: 2.855200 ms (FindLiveObjects: 0.399100 ms CreateObjectMapping: 0.081200 ms MarkObjects: 2.185800 ms  DeleteObjects: 0.187400 ms)

========================================================================
Received Import Request.
  Time since last request: 21.810788 seconds.
  path: Assets/fuzzyController.cs
  artifactKey: Guid(680eb4bf6c8e6884e80b844a8ab734a6) Importer(815301076,1909f56bfc062723c751e8b465ee728b)
Start importing Assets/fuzzyController.cs using Guid(680eb4bf6c8e6884e80b844a8ab734a6) Importer(815301076,1909f56bfc062723c751e8b465ee728b)  -> (artifact id: '1c15dffac84b4e5979667380ecba0c8f') in 0.005597 seconds
  Import took 0.033434 seconds .

========================================================================
Received Import Request.
  Time since last request: 0.075463 seconds.
  path: Assets/fuzzyController.cs
  artifactKey: Guid(680eb4bf6c8e6884e80b844a8ab734a6) Importer(815301076,1909f56bfc062723c751e8b465ee728b)
Start importing Assets/fuzzyController.cs using Guid(680eb4bf6c8e6884e80b844a8ab734a6) Importer(815301076,1909f56bfc062723c751e8b465ee728b)  -> (artifact id: '1c15dffac84b4e5979667380ecba0c8f') in 0.004563 seconds
  Import took 0.007959 seconds .

========================================================================
Received Prepare
Registering precompiled user dll's ...
Registered in 0.000898 seconds.
Begin MonoManager ReloadAssembly
Native extension for WindowsStandalone target not found
Native extension for WebGL target not found
Refreshing native plugins compatible for Editor in 0.45 ms, found 1 plugins.
Preloading 0 native plugins for Editor in 0.00 ms.
Invoked RoslynAnalysisRunner static constructor.
RoslynAnalysisRunner will not be running.
RoslynAnalysisRunner has terminated.
Mono: successfully reloaded assembly
- Completed reload, in  1.202 seconds
Platform modules already initialized, skipping
Refreshing native plugins compatible for Editor in 0.35 ms, found 1 plugins.
Preloading 0 native plugins for Editor in 0.00 ms.
Unloading 1802 Unused Serialized files (Serialized files now loaded: 0)
System memory in use before: 85.0 MB.
System memory in use after: 85.0 MB.

Unloading 12 unused Assets to reduce memory usage. Loaded Objects now: 2379.
Total: 2.826800 ms (FindLiveObjects: 0.328800 ms CreateObjectMapping: 0.067900 ms MarkObjects: 2.300200 ms  DeleteObjects: 0.128700 ms)

